<?xml version="1.0" encoding="UTF-8"?>
<testng-results ignored="0" total="1" passed="1" failed="0" skipped="0">
  <reporter-output>
  </reporter-output>
  <suite started-at="2024-08-11T10:26:09 IST" name="Surefire suite" finished-at="2024-08-11T10:26:16 IST" duration-ms="7784">
    <groups>
      <group name="cucumber">
        <method signature="AbstractTestNGCucumberTests.runScenario(io.cucumber.testng.PickleWrapper,io.cucumber.testng.FeatureWrapper)[pri:0, instance:simpleRunner.SimpleSearch@17046283]" name="runScenario" class="io.cucumber.testng.AbstractTestNGCucumberTests"/>
      </group> <!-- cucumber -->
    </groups>
    <test started-at="2024-08-11T10:26:09 IST" name="Surefire test" finished-at="2024-08-11T10:26:16 IST" duration-ms="7784">
      <class name="simpleRunner.SimpleSearch">
        <test-method is-config="true" signature="setUpClass(org.testng.ITestContext)[pri:0, instance:simpleRunner.SimpleSearch@17046283]" started-at="2024-08-11T10:26:09 IST" name="setUpClass" finished-at="2024-08-11T10:26:09 IST" duration-ms="177" status="PASS">
          <params>
            <param index="0">
              <value>
                <![CDATA[org.testng.TestRunner@1e7f2e0f]]>
              </value>
            </param>
          </params>
          <reporter-output>
          </reporter-output>
        </test-method> <!-- setUpClass -->
        <test-method signature="runScenario(io.cucumber.testng.PickleWrapper,io.cucumber.testng.FeatureWrapper)[pri:0, instance:simpleRunner.SimpleSearch@17046283]" started-at="2024-08-11T10:26:09 IST" name="runScenario" description="Runs Cucumber Scenarios" data-provider="scenarios" finished-at="2024-08-11T10:26:16 IST" duration-ms="7564" status="PASS">
          <params>
            <param index="0">
              <value>
                <![CDATA["To validate Simpleform functionality"]]>
              </value>
            </param>
            <param index="1">
              <value>
                <![CDATA["SimpleForm feature"]]>
              </value>
            </param>
          </params>
          <reporter-output>
          </reporter-output>
        </test-method> <!-- runScenario -->
        <test-method is-config="true" signature="tearDownClass()[pri:0, instance:simpleRunner.SimpleSearch@17046283]" started-at="2024-08-11T10:26:16 IST" name="tearDownClass" finished-at="2024-08-11T10:26:16 IST" duration-ms="4" status="PASS">
          <reporter-output>
          </reporter-output>
        </test-method> <!-- tearDownClass -->
      </class> <!-- simpleRunner.SimpleSearch -->
    </test> <!-- Surefire test -->
  </suite> <!-- Surefire suite -->
</testng-results>
