<?xml version="1.0" encoding="UTF-8"?>
<testng-results ignored="0" total="1" passed="1" failed="0" skipped="0">
  <reporter-output>
  </reporter-output>
  <suite started-at="2024-08-07T15:44:12 IST" name="Surefire suite" finished-at="2024-08-07T15:44:36 IST" duration-ms="24080">
    <groups>
      <group name="cucumber">
        <method signature="AbstractTestNGCucumberTests.runScenario(io.cucumber.testng.PickleWrapper,io.cucumber.testng.FeatureWrapper)[pri:0, instance:runner2.Search2@17046283]" name="runScenario" class="io.cucumber.testng.AbstractTestNGCucumberTests"/>
      </group> <!-- cucumber -->
    </groups>
    <test started-at="2024-08-07T15:44:12 IST" name="Surefire test" finished-at="2024-08-07T15:44:36 IST" duration-ms="24080">
      <class name="runner2.Search2">
        <test-method is-config="true" signature="setUpClass(org.testng.ITestContext)[pri:0, instance:runner2.Search2@17046283]" started-at="2024-08-07T15:44:12 IST" name="setUpClass" finished-at="2024-08-07T15:44:12 IST" duration-ms="200" status="PASS">
          <params>
            <param index="0">
              <value>
                <![CDATA[org.testng.TestRunner@1532c619]]>
              </value>
            </param>
          </params>
          <reporter-output>
          </reporter-output>
        </test-method> <!-- setUpClass -->
        <test-method signature="runScenario(io.cucumber.testng.PickleWrapper,io.cucumber.testng.FeatureWrapper)[pri:0, instance:runner2.Search2@17046283]" started-at="2024-08-07T15:44:12 IST" name="runScenario" description="Runs Cucumber Scenarios" data-provider="scenarios" finished-at="2024-08-07T15:44:36 IST" duration-ms="23838" status="PASS">
          <params>
            <param index="0">
              <value>
                <![CDATA["To validate the second opinion functionality."]]>
              </value>
            </param>
            <param index="1">
              <value>
                <![CDATA["Second Opinion"]]>
              </value>
            </param>
          </params>
          <reporter-output>
          </reporter-output>
        </test-method> <!-- runScenario -->
        <test-method is-config="true" signature="tearDownClass()[pri:0, instance:runner2.Search2@17046283]" started-at="2024-08-07T15:44:36 IST" name="tearDownClass" finished-at="2024-08-07T15:44:36 IST" duration-ms="5" status="PASS">
          <reporter-output>
          </reporter-output>
        </test-method> <!-- tearDownClass -->
      </class> <!-- runner2.Search2 -->
    </test> <!-- Surefire test -->
  </suite> <!-- Surefire suite -->
</testng-results>
